<?xml version="1.0" encoding="UTF-8"?>
<!-- Generated by org.testng.reporters.JUnitReportReporter -->
<testsuite skipped="0" hostname="LAPTOP-VFM9P8ED" name="Assignment1.Assignment1.a" tests="3" failures="0" timestamp="2020-02-06T15:58:05 IST" time="65.044" errors="0">
  <testcase name="verifyFlipkartPrice" time="17.424" classname="Assignment1.Assignment1.a"/>
  <testcase name="verifyPaytmMallPrice" time="34.052" classname="Assignment1.Assignment1.a"/>
  <testcase name="PriceComparision" time="13.568" classname="Assignment1.Assignment1.a"/>
</testsuite> <!-- Assignment1.Assignment1.a -->
