<?xml version="1.0" encoding="UTF-8"?>
<!-- Generated by org.testng.reporters.JUnitReportReporter -->
<testsuite skipped="0" hostname="LAPTOP-VFM9P8ED" name="Assignment1.Assignment1.FirstAssignment" tests="3" failures="0" timestamp="2020-02-06T16:14:15 IST" time="84.506" errors="0">
  <testcase name="verifyFlipkartPrice" time="20.462" classname="Assignment1.Assignment1.FirstAssignment"/>
  <testcase name="verifyPaytmMallPrice" time="53.307" classname="Assignment1.Assignment1.FirstAssignment"/>
  <testcase name="PriceComparision" time="10.737" classname="Assignment1.Assignment1.FirstAssignment"/>
</testsuite> <!-- Assignment1.Assignment1.FirstAssignment -->
